<?xml version="1.0" encoding="UTF-8"?>
<!-- Generated by org.testng.reporters.JUnitReportReporter -->
<testsuite hostname="Nurs-MacBook-Pro.local" failures="0" tests="1" name="com.secondtask.testcases.CodeshakePageTest" time="6.597" errors="0" timestamp="2022-03-23T06:33:25 TRT" skipped="0">
  <testcase classname="com.secondtask.testcases.CodeshakePageTest" name="clickPayThemVisitLink" time="6.597"/>
  <system-out/>
</testsuite> <!-- com.secondtask.testcases.CodeshakePageTest -->
